1/3/2018 9:16:21 AM, Info: Initializing SIMPLSharp Services...
1/3/2018 9:16:21 AM, Info: ProjectInfo successfully initialized.
1/3/2018 9:20:48 AM, Info: Validating assembly C:\Users\dsavage\Documents\Visual Studio 2008\Projects\FileOperations\FileOperations\bin\Debug\FileOperations.dll...
1/3/2018 9:20:48 AM, Info: Verifying assembly C:\Users\dsavage\Documents\Visual Studio 2008\Projects\FileOperations\FileOperations\bin\Debug\FileOperations.dll
1/3/2018 9:20:48 AM, Info: Creating Archive C:\Users\dsavage\Documents\Visual Studio 2008\Projects\FileOperations\FileOperations\bin\Debug\FileOperations.clz...
1/3/2018 9:20:48 AM, Info: Saving project information...
1/3/2018 9:26:01 AM, Info: Validating assembly C:\Users\dsavage\Documents\Visual Studio 2008\Projects\FileOperations\FileOperations\bin\Debug\FileOperations.dll...
1/3/2018 9:26:01 AM, Info: Verifying assembly C:\Users\dsavage\Documents\Visual Studio 2008\Projects\FileOperations\FileOperations\bin\Debug\FileOperations.dll
1/3/2018 9:26:01 AM, Info: Creating Archive C:\Users\dsavage\Documents\Visual Studio 2008\Projects\FileOperations\FileOperations\bin\Debug\FileOperations.clz...
1/3/2018 9:26:01 AM, Info: Saving project information...
1/3/2018 9:29:49 AM, Info: Validating assembly C:\Users\dsavage\Documents\Visual Studio 2008\Projects\FileOperations\FileOperations\bin\Debug\FileOperations.dll...
1/3/2018 9:29:49 AM, Info: Verifying assembly C:\Users\dsavage\Documents\Visual Studio 2008\Projects\FileOperations\FileOperations\bin\Debug\FileOperations.dll
1/3/2018 9:29:49 AM, Info: Creating Archive C:\Users\dsavage\Documents\Visual Studio 2008\Projects\FileOperations\FileOperations\bin\Debug\FileOperations.clz...
1/3/2018 9:29:49 AM, Info: Saving project information...
1/3/2018 9:37:01 AM, Info: Validating assembly C:\Users\dsavage\Documents\Visual Studio 2008\Projects\FileOperations\FileOperations\bin\Debug\FileOperations.dll...
1/3/2018 9:37:01 AM, Info: Verifying assembly C:\Users\dsavage\Documents\Visual Studio 2008\Projects\FileOperations\FileOperations\bin\Debug\FileOperations.dll
1/3/2018 9:37:01 AM, Info: Creating Archive C:\Users\dsavage\Documents\Visual Studio 2008\Projects\FileOperations\FileOperations\bin\Debug\FileOperations.clz...
1/3/2018 9:37:01 AM, Info: Saving project information...
1/3/2018 9:44:13 AM, Info: Validating assembly C:\Users\dsavage\Documents\Visual Studio 2008\Projects\FileOperations\FileOperations\bin\Debug\FileOperations.dll...
1/3/2018 9:44:14 AM, Info: Verifying assembly C:\Users\dsavage\Documents\Visual Studio 2008\Projects\FileOperations\FileOperations\bin\Debug\FileOperations.dll
1/3/2018 9:44:14 AM, Info: Creating Archive C:\Users\dsavage\Documents\Visual Studio 2008\Projects\FileOperations\FileOperations\bin\Debug\FileOperations.clz...
1/3/2018 9:44:14 AM, Info: Saving project information...
1/3/2018 9:46:36 AM, Info: Validating assembly C:\Users\dsavage\Documents\Visual Studio 2008\Projects\FileOperations\FileOperations\bin\Debug\FileOperations.dll...
1/3/2018 9:46:36 AM, Info: Verifying assembly C:\Users\dsavage\Documents\Visual Studio 2008\Projects\FileOperations\FileOperations\bin\Debug\FileOperations.dll
1/3/2018 9:46:36 AM, Info: Creating Archive C:\Users\dsavage\Documents\Visual Studio 2008\Projects\FileOperations\FileOperations\bin\Debug\FileOperations.clz...
1/3/2018 9:46:36 AM, Info: Saving project information...
1/3/2018 10:13:45 AM, Info: Validating assembly C:\Users\dsavage\Documents\Visual Studio 2008\Projects\FileOperations\FileOperations\bin\Debug\FileOperations.dll...
1/3/2018 10:13:45 AM, Info: Verifying assembly C:\Users\dsavage\Documents\Visual Studio 2008\Projects\FileOperations\FileOperations\bin\Debug\FileOperations.dll
1/3/2018 10:13:45 AM, Info: Creating Archive C:\Users\dsavage\Documents\Visual Studio 2008\Projects\FileOperations\FileOperations\bin\Debug\FileOperations.clz...
1/3/2018 10:13:46 AM, Info: Saving project information...
1/3/2018 10:33:21 AM, Info: Validating assembly C:\Users\dsavage\Documents\Visual Studio 2008\Projects\FileOperations\FileOperations\bin\Debug\FileOperations.dll...
1/3/2018 10:33:21 AM, Info: Verifying assembly C:\Users\dsavage\Documents\Visual Studio 2008\Projects\FileOperations\FileOperations\bin\Debug\FileOperations.dll
1/3/2018 10:33:21 AM, Info: Creating Archive C:\Users\dsavage\Documents\Visual Studio 2008\Projects\FileOperations\FileOperations\bin\Debug\FileOperations.clz...
1/3/2018 10:33:21 AM, Info: Saving project information...
1/3/2018 10:34:33 AM, Info: Validating assembly C:\Users\dsavage\Documents\Visual Studio 2008\Projects\FileOperations\FileOperations\bin\Debug\FileOperations.dll...
1/3/2018 10:34:33 AM, Info: Verifying assembly C:\Users\dsavage\Documents\Visual Studio 2008\Projects\FileOperations\FileOperations\bin\Debug\FileOperations.dll
1/3/2018 10:34:33 AM, Info: Creating Archive C:\Users\dsavage\Documents\Visual Studio 2008\Projects\FileOperations\FileOperations\bin\Debug\FileOperations.clz...
1/3/2018 10:34:34 AM, Info: Saving project information...
1/3/2018 10:47:49 AM, Info: Validating assembly C:\Users\dsavage\Documents\Visual Studio 2008\Projects\FileOperations\FileOperations\bin\Debug\FileOperations.dll...
1/3/2018 10:47:49 AM, Info: Verifying assembly C:\Users\dsavage\Documents\Visual Studio 2008\Projects\FileOperations\FileOperations\bin\Debug\FileOperations.dll
1/3/2018 10:47:49 AM, Info: Creating Archive C:\Users\dsavage\Documents\Visual Studio 2008\Projects\FileOperations\FileOperations\bin\Debug\FileOperations.clz...
1/3/2018 10:47:49 AM, Info: Saving project information...
1/3/2018 11:40:02 AM, Info: Validating assembly C:\Users\dsavage\Documents\Visual Studio 2008\Projects\FileOperations\FileOperations\bin\Debug\FileOperations.dll...
1/3/2018 11:40:02 AM, Info: Verifying assembly C:\Users\dsavage\Documents\Visual Studio 2008\Projects\FileOperations\FileOperations\bin\Debug\FileOperations.dll
1/3/2018 11:40:02 AM, Info: Creating Archive C:\Users\dsavage\Documents\Visual Studio 2008\Projects\FileOperations\FileOperations\bin\Debug\FileOperations.clz...
1/3/2018 11:40:03 AM, Info: Saving project information...
1/3/2018 11:52:44 AM, Info: Validating assembly C:\Users\dsavage\Documents\Visual Studio 2008\Projects\FileOperations\FileOperations\bin\Debug\FileOperations.dll...
1/3/2018 11:52:45 AM, Info: Verifying assembly C:\Users\dsavage\Documents\Visual Studio 2008\Projects\FileOperations\FileOperations\bin\Debug\FileOperations.dll
1/3/2018 11:52:45 AM, Info: Creating Archive C:\Users\dsavage\Documents\Visual Studio 2008\Projects\FileOperations\FileOperations\bin\Debug\FileOperations.clz...
1/3/2018 11:52:45 AM, Info: Saving project information...
1/3/2018 11:55:05 AM, Info: Validating assembly C:\Users\dsavage\Documents\Visual Studio 2008\Projects\FileOperations\FileOperations\bin\Debug\FileOperations.dll...
1/3/2018 11:55:05 AM, Info: Verifying assembly C:\Users\dsavage\Documents\Visual Studio 2008\Projects\FileOperations\FileOperations\bin\Debug\FileOperations.dll
1/3/2018 11:55:05 AM, Info: Creating Archive C:\Users\dsavage\Documents\Visual Studio 2008\Projects\FileOperations\FileOperations\bin\Debug\FileOperations.clz...
1/3/2018 11:55:06 AM, Info: Saving project information...
1/3/2018 11:57:03 AM, Info: Validating assembly C:\Users\dsavage\Documents\Visual Studio 2008\Projects\FileOperations\FileOperations\bin\Debug\FileOperations.dll...
1/3/2018 11:57:03 AM, Info: Verifying assembly C:\Users\dsavage\Documents\Visual Studio 2008\Projects\FileOperations\FileOperations\bin\Debug\FileOperations.dll
1/3/2018 11:57:03 AM, Info: Creating Archive C:\Users\dsavage\Documents\Visual Studio 2008\Projects\FileOperations\FileOperations\bin\Debug\FileOperations.clz...
1/3/2018 11:57:03 AM, Info: Saving project information...
1/3/2018 12:04:15 PM, Info: Validating assembly C:\Users\dsavage\Documents\Visual Studio 2008\Projects\FileOperations\FileOperations\bin\Debug\FileOperations.dll...
1/3/2018 12:04:16 PM, Info: Verifying assembly C:\Users\dsavage\Documents\Visual Studio 2008\Projects\FileOperations\FileOperations\bin\Debug\FileOperations.dll
1/3/2018 12:04:16 PM, Info: Creating Archive C:\Users\dsavage\Documents\Visual Studio 2008\Projects\FileOperations\FileOperations\bin\Debug\FileOperations.clz...
1/3/2018 12:04:16 PM, Info: Saving project information...
1/3/2018 12:07:28 PM, Info: Validating assembly C:\Users\dsavage\Documents\Visual Studio 2008\Projects\FileOperations\FileOperations\bin\Debug\FileOperations.dll...
1/3/2018 12:07:29 PM, Info: Verifying assembly C:\Users\dsavage\Documents\Visual Studio 2008\Projects\FileOperations\FileOperations\bin\Debug\FileOperations.dll
1/3/2018 12:07:29 PM, Info: Creating Archive C:\Users\dsavage\Documents\Visual Studio 2008\Projects\FileOperations\FileOperations\bin\Debug\FileOperations.clz...
1/3/2018 12:07:29 PM, Info: Saving project information...
1/3/2018 12:15:09 PM, Info: Validating assembly C:\Users\dsavage\Documents\Visual Studio 2008\Projects\FileOperations\FileOperations\bin\Debug\FileOperations.dll...
1/3/2018 12:15:09 PM, Info: Verifying assembly C:\Users\dsavage\Documents\Visual Studio 2008\Projects\FileOperations\FileOperations\bin\Debug\FileOperations.dll
1/3/2018 12:15:09 PM, Info: Creating Archive C:\Users\dsavage\Documents\Visual Studio 2008\Projects\FileOperations\FileOperations\bin\Debug\FileOperations.clz...
1/3/2018 12:15:10 PM, Info: Saving project information...
1/3/2018 12:23:27 PM, Info: Validating assembly C:\Users\dsavage\Documents\Visual Studio 2008\Projects\FileOperations\FileOperations\bin\Debug\FileOperations.dll...
1/3/2018 12:23:27 PM, Info: Verifying assembly C:\Users\dsavage\Documents\Visual Studio 2008\Projects\FileOperations\FileOperations\bin\Debug\FileOperations.dll
1/3/2018 12:23:27 PM, Info: Creating Archive C:\Users\dsavage\Documents\Visual Studio 2008\Projects\FileOperations\FileOperations\bin\Debug\FileOperations.clz...
1/3/2018 12:23:27 PM, Info: Saving project information...
1/3/2018 12:25:03 PM, Info: Validating assembly C:\Users\dsavage\Documents\Visual Studio 2008\Projects\FileOperations\FileOperations\bin\Debug\FileOperations.dll...
1/3/2018 12:25:03 PM, Info: Verifying assembly C:\Users\dsavage\Documents\Visual Studio 2008\Projects\FileOperations\FileOperations\bin\Debug\FileOperations.dll
1/3/2018 12:25:03 PM, Info: Creating Archive C:\Users\dsavage\Documents\Visual Studio 2008\Projects\FileOperations\FileOperations\bin\Debug\FileOperations.clz...
1/3/2018 12:25:04 PM, Info: Saving project information...
1/3/2018 12:28:15 PM, Info: Validating assembly C:\Users\dsavage\Documents\Visual Studio 2008\Projects\FileOperations\FileOperations\bin\Debug\FileOperations.dll...
1/3/2018 12:28:15 PM, Info: Verifying assembly C:\Users\dsavage\Documents\Visual Studio 2008\Projects\FileOperations\FileOperations\bin\Debug\FileOperations.dll
1/3/2018 12:28:15 PM, Info: Creating Archive C:\Users\dsavage\Documents\Visual Studio 2008\Projects\FileOperations\FileOperations\bin\Debug\FileOperations.clz...
1/3/2018 12:28:15 PM, Info: Saving project information...
1/3/2018 12:34:01 PM, Info: Validating assembly C:\Users\dsavage\Documents\Visual Studio 2008\Projects\FileOperations\FileOperations\bin\Debug\FileOperations.dll...
1/3/2018 12:34:01 PM, Info: Verifying assembly C:\Users\dsavage\Documents\Visual Studio 2008\Projects\FileOperations\FileOperations\bin\Debug\FileOperations.dll
1/3/2018 12:34:01 PM, Info: Creating Archive C:\Users\dsavage\Documents\Visual Studio 2008\Projects\FileOperations\FileOperations\bin\Debug\FileOperations.clz...
1/3/2018 12:34:01 PM, Info: Saving project information...
1/3/2018 12:41:20 PM, Info: Validating assembly C:\Users\dsavage\Documents\Visual Studio 2008\Projects\FileOperations\FileOperations\bin\Debug\FileOperations.dll...
1/3/2018 12:41:20 PM, Info: Verifying assembly C:\Users\dsavage\Documents\Visual Studio 2008\Projects\FileOperations\FileOperations\bin\Debug\FileOperations.dll
1/3/2018 12:41:21 PM, Info: Creating Archive C:\Users\dsavage\Documents\Visual Studio 2008\Projects\FileOperations\FileOperations\bin\Debug\FileOperations.clz...
1/3/2018 12:41:21 PM, Info: Saving project information...
1/3/2018 12:45:20 PM, Info: Validating assembly C:\Users\dsavage\Documents\Visual Studio 2008\Projects\FileOperations\FileOperations\bin\Debug\FileOperations.dll...
1/3/2018 12:45:20 PM, Info: Verifying assembly C:\Users\dsavage\Documents\Visual Studio 2008\Projects\FileOperations\FileOperations\bin\Debug\FileOperations.dll
1/3/2018 12:45:20 PM, Info: Creating Archive C:\Users\dsavage\Documents\Visual Studio 2008\Projects\FileOperations\FileOperations\bin\Debug\FileOperations.clz...
1/3/2018 12:45:20 PM, Info: Saving project information...
1/3/2018 12:55:46 PM, Info: Validating assembly C:\Users\dsavage\Documents\Visual Studio 2008\Projects\FileOperations\FileOperations\bin\Debug\FileOperations.dll...
1/3/2018 12:55:46 PM, Info: Verifying assembly C:\Users\dsavage\Documents\Visual Studio 2008\Projects\FileOperations\FileOperations\bin\Debug\FileOperations.dll
1/3/2018 12:55:47 PM, Info: Creating Archive C:\Users\dsavage\Documents\Visual Studio 2008\Projects\FileOperations\FileOperations\bin\Debug\FileOperations.clz...
1/3/2018 12:55:47 PM, Info: Saving project information...
1/3/2018 1:42:07 PM, Info: Validating assembly C:\Users\dsavage\Documents\Visual Studio 2008\Projects\FileOperations\FileOperations\bin\Debug\FileOperations.dll...
1/3/2018 1:42:07 PM, Info: Verifying assembly C:\Users\dsavage\Documents\Visual Studio 2008\Projects\FileOperations\FileOperations\bin\Debug\FileOperations.dll
1/3/2018 1:42:07 PM, Info: Creating Archive C:\Users\dsavage\Documents\Visual Studio 2008\Projects\FileOperations\FileOperations\bin\Debug\FileOperations.clz...
1/3/2018 1:42:07 PM, Info: Saving project information...
1/3/2018 1:48:05 PM, Info: Validating assembly C:\Users\dsavage\Documents\Visual Studio 2008\Projects\FileOperations\FileOperations\bin\Debug\FileOperations.dll...
1/3/2018 1:48:05 PM, Info: Verifying assembly C:\Users\dsavage\Documents\Visual Studio 2008\Projects\FileOperations\FileOperations\bin\Debug\FileOperations.dll
1/3/2018 1:48:05 PM, Info: Creating Archive C:\Users\dsavage\Documents\Visual Studio 2008\Projects\FileOperations\FileOperations\bin\Debug\FileOperations.clz...
1/3/2018 1:48:05 PM, Info: Saving project information...
1/3/2018 3:51:16 PM, Info: Validating assembly C:\Users\dsavage\Documents\Visual Studio 2008\Projects\FileOperations\FileOperations\bin\Debug\FileOperations.dll...
1/3/2018 3:51:16 PM, Info: Verifying assembly C:\Users\dsavage\Documents\Visual Studio 2008\Projects\FileOperations\FileOperations\bin\Debug\FileOperations.dll
1/3/2018 3:51:16 PM, Info: Creating Archive C:\Users\dsavage\Documents\Visual Studio 2008\Projects\FileOperations\FileOperations\bin\Debug\FileOperations.clz...
1/3/2018 3:51:17 PM, Info: Saving project information...
1/3/2018 3:59:58 PM, Info: Validating assembly C:\Users\dsavage\Documents\Visual Studio 2008\Projects\FileOperations\FileOperations\bin\Debug\FileOperations.dll...
1/3/2018 3:59:58 PM, Info: Verifying assembly C:\Users\dsavage\Documents\Visual Studio 2008\Projects\FileOperations\FileOperations\bin\Debug\FileOperations.dll
1/3/2018 3:59:58 PM, Info: Creating Archive C:\Users\dsavage\Documents\Visual Studio 2008\Projects\FileOperations\FileOperations\bin\Debug\FileOperations.clz...
1/3/2018 3:59:58 PM, Info: Saving project information...
1/3/2018 4:05:03 PM, Info: Validating assembly C:\Users\dsavage\Documents\Visual Studio 2008\Projects\FileOperations\FileOperations\bin\Debug\FileOperations.dll...
1/3/2018 4:05:03 PM, Info: Verifying assembly C:\Users\dsavage\Documents\Visual Studio 2008\Projects\FileOperations\FileOperations\bin\Debug\FileOperations.dll
1/3/2018 4:05:03 PM, Info: Creating Archive C:\Users\dsavage\Documents\Visual Studio 2008\Projects\FileOperations\FileOperations\bin\Debug\FileOperations.clz...
1/3/2018 4:05:03 PM, Info: Saving project information...
1/3/2018 4:07:20 PM, Info: Validating assembly C:\Users\dsavage\Documents\Visual Studio 2008\Projects\FileOperations\FileOperations\bin\Debug\FileOperations.dll...
1/3/2018 4:07:20 PM, Info: Verifying assembly C:\Users\dsavage\Documents\Visual Studio 2008\Projects\FileOperations\FileOperations\bin\Debug\FileOperations.dll
1/3/2018 4:07:20 PM, Info: Creating Archive C:\Users\dsavage\Documents\Visual Studio 2008\Projects\FileOperations\FileOperations\bin\Debug\FileOperations.clz...
1/3/2018 4:07:21 PM, Info: Saving project information...
1/3/2018 4:10:00 PM, Info: Validating assembly C:\Users\dsavage\Documents\Visual Studio 2008\Projects\FileOperations\FileOperations\bin\Debug\FileOperations.dll...
1/3/2018 4:10:01 PM, Info: Verifying assembly C:\Users\dsavage\Documents\Visual Studio 2008\Projects\FileOperations\FileOperations\bin\Debug\FileOperations.dll
1/3/2018 4:10:01 PM, Info: Creating Archive C:\Users\dsavage\Documents\Visual Studio 2008\Projects\FileOperations\FileOperations\bin\Debug\FileOperations.clz...
1/3/2018 4:10:01 PM, Info: Saving project information...
1/3/2018 4:28:30 PM, Info: Validating assembly C:\Users\dsavage\Documents\Visual Studio 2008\Projects\FileOperations\FileOperations\bin\Debug\FileOperations.dll...
1/3/2018 4:28:30 PM, Info: Verifying assembly C:\Users\dsavage\Documents\Visual Studio 2008\Projects\FileOperations\FileOperations\bin\Debug\FileOperations.dll
1/3/2018 4:28:30 PM, Info: Creating Archive C:\Users\dsavage\Documents\Visual Studio 2008\Projects\FileOperations\FileOperations\bin\Debug\FileOperations.clz...
1/3/2018 4:28:30 PM, Info: Saving project information...
1/3/2018 4:32:04 PM, Info: Validating assembly C:\Users\dsavage\Documents\Visual Studio 2008\Projects\FileOperations\FileOperations\bin\Debug\FileOperations.dll...
1/3/2018 4:32:04 PM, Info: Verifying assembly C:\Users\dsavage\Documents\Visual Studio 2008\Projects\FileOperations\FileOperations\bin\Debug\FileOperations.dll
1/3/2018 4:32:04 PM, Info: Creating Archive C:\Users\dsavage\Documents\Visual Studio 2008\Projects\FileOperations\FileOperations\bin\Debug\FileOperations.clz...
1/3/2018 4:32:04 PM, Info: Saving project information...
1/3/2018 4:33:57 PM, Info: Validating assembly C:\Users\dsavage\Documents\Visual Studio 2008\Projects\FileOperations\FileOperations\bin\Debug\FileOperations.dll...
1/3/2018 4:33:57 PM, Info: Verifying assembly C:\Users\dsavage\Documents\Visual Studio 2008\Projects\FileOperations\FileOperations\bin\Debug\FileOperations.dll
1/3/2018 4:33:57 PM, Info: Creating Archive C:\Users\dsavage\Documents\Visual Studio 2008\Projects\FileOperations\FileOperations\bin\Debug\FileOperations.clz...
1/3/2018 4:33:57 PM, Info: Saving project information...
1/3/2018 4:42:52 PM, Info: Validating assembly C:\Users\dsavage\Documents\Visual Studio 2008\Projects\FileOperations\FileOperations\bin\Debug\FileOperations.dll...
1/3/2018 4:42:52 PM, Info: Verifying assembly C:\Users\dsavage\Documents\Visual Studio 2008\Projects\FileOperations\FileOperations\bin\Debug\FileOperations.dll
1/3/2018 4:42:52 PM, Info: Creating Archive C:\Users\dsavage\Documents\Visual Studio 2008\Projects\FileOperations\FileOperations\bin\Debug\FileOperations.clz...
1/3/2018 4:42:53 PM, Info: Saving project information...
1/3/2018 4:46:03 PM, Info: Validating assembly C:\Users\dsavage\Documents\Visual Studio 2008\Projects\FileOperations\FileOperations\bin\Debug\FileOperations.dll...
1/3/2018 4:46:03 PM, Info: Verifying assembly C:\Users\dsavage\Documents\Visual Studio 2008\Projects\FileOperations\FileOperations\bin\Debug\FileOperations.dll
1/3/2018 4:46:03 PM, Info: Creating Archive C:\Users\dsavage\Documents\Visual Studio 2008\Projects\FileOperations\FileOperations\bin\Debug\FileOperations.clz...
1/3/2018 4:46:04 PM, Info: Saving project information...
1/3/2018 4:50:21 PM, Info: Validating assembly C:\Users\dsavage\Documents\Visual Studio 2008\Projects\FileOperations\FileOperations\bin\Debug\FileOperations.dll...
1/3/2018 4:50:21 PM, Info: Verifying assembly C:\Users\dsavage\Documents\Visual Studio 2008\Projects\FileOperations\FileOperations\bin\Debug\FileOperations.dll
1/3/2018 4:50:21 PM, Info: Creating Archive C:\Users\dsavage\Documents\Visual Studio 2008\Projects\FileOperations\FileOperations\bin\Debug\FileOperations.clz...
1/3/2018 4:50:22 PM, Info: Saving project information...
1/3/2018 4:56:35 PM, Info: Validating assembly C:\Users\dsavage\Documents\Visual Studio 2008\Projects\FileOperations\FileOperations\bin\Debug\FileOperations.dll...
1/3/2018 4:56:35 PM, Info: Verifying assembly C:\Users\dsavage\Documents\Visual Studio 2008\Projects\FileOperations\FileOperations\bin\Debug\FileOperations.dll
1/3/2018 4:56:35 PM, Info: Creating Archive C:\Users\dsavage\Documents\Visual Studio 2008\Projects\FileOperations\FileOperations\bin\Debug\FileOperations.clz...
1/3/2018 4:56:35 PM, Info: Saving project information...
1/3/2018 5:03:47 PM, Info: Terminating SIMPLSharp Services
