12/29/2017 9:50:30 AM, Info: Initializing SIMPLSharp Services...
12/29/2017 9:50:30 AM, Info: ProjectInfo successfully initialized.
12/29/2017 10:37:51 AM, Info: Initializing SIMPLSharp Services...
12/29/2017 10:37:51 AM, Info: ProjectInfo successfully initialized.
12/29/2017 10:37:52 AM, Info: Saving project information...
12/29/2017 10:37:52 AM, Info: Saving project information...
12/29/2017 10:37:52 AM, Info: Saving project information...
12/29/2017 10:37:52 AM, Info: Saving project information...
12/29/2017 10:37:52 AM, Info: Saving project information...
12/29/2017 10:37:52 AM, Info: Saving project information...
12/29/2017 10:39:17 AM, Info: Saving project information...
12/29/2017 10:39:17 AM, Info: Saving project information...
12/29/2017 10:39:17 AM, Info: Saving project information...
12/29/2017 10:44:17 AM, Info: Saving project information...
12/29/2017 10:44:17 AM, Info: Saving project information...
12/29/2017 10:44:17 AM, Info: Saving project information...
12/29/2017 10:49:17 AM, Info: Saving project information...
12/29/2017 10:49:17 AM, Info: Saving project information...
12/29/2017 10:49:17 AM, Info: Saving project information...
12/29/2017 10:54:17 AM, Info: Saving project information...
12/29/2017 10:54:17 AM, Info: Saving project information...
12/29/2017 10:54:17 AM, Info: Saving project information...
12/29/2017 10:59:17 AM, Info: Saving project information...
12/29/2017 10:59:17 AM, Info: Saving project information...
12/29/2017 10:59:17 AM, Info: Saving project information...
12/29/2017 11:03:13 AM, Info: Saving project information...
12/29/2017 11:03:13 AM, Info: Saving project information...
12/29/2017 11:03:13 AM, Info: Saving project information...
12/29/2017 11:03:13 AM, Info: Saving project information...
12/29/2017 11:03:13 AM, Info: Saving project information...
12/29/2017 11:03:13 AM, Info: Saving project information...
12/29/2017 11:09:13 AM, Info: Validating assembly C:\Users\dsavage\Documents\Visual Studio 2008\Projects\FileOperations\FileOperations\bin\Debug\FileOperations.dll...
12/29/2017 11:09:13 AM, Info: Verifying assembly C:\Users\dsavage\Documents\Visual Studio 2008\Projects\FileOperations\FileOperations\bin\Debug\FileOperations.dll
12/29/2017 11:09:13 AM, Info: Creating Archive C:\Users\dsavage\Documents\Visual Studio 2008\Projects\FileOperations\FileOperations\bin\Debug\FileOperations.clz...
12/29/2017 11:09:13 AM, Info: Saving project information...
12/29/2017 11:23:42 AM, Info: Validating assembly C:\Users\dsavage\Documents\Visual Studio 2008\Projects\FileOperations\FileOperations\bin\Debug\FileOperations.dll...
12/29/2017 11:23:42 AM, Info: Verifying assembly C:\Users\dsavage\Documents\Visual Studio 2008\Projects\FileOperations\FileOperations\bin\Debug\FileOperations.dll
12/29/2017 11:23:42 AM, Info: Creating Archive C:\Users\dsavage\Documents\Visual Studio 2008\Projects\FileOperations\FileOperations\bin\Debug\FileOperations.clz...
12/29/2017 11:23:42 AM, Info: Saving project information...
12/29/2017 11:27:30 AM, Info: Validating assembly C:\Users\dsavage\Documents\Visual Studio 2008\Projects\FileOperations\FileOperations\bin\Debug\FileOperations.dll...
12/29/2017 11:27:30 AM, Info: Verifying assembly C:\Users\dsavage\Documents\Visual Studio 2008\Projects\FileOperations\FileOperations\bin\Debug\FileOperations.dll
12/29/2017 11:27:31 AM, Info: Creating Archive C:\Users\dsavage\Documents\Visual Studio 2008\Projects\FileOperations\FileOperations\bin\Debug\FileOperations.clz...
12/29/2017 11:27:31 AM, Info: Saving project information...
12/29/2017 11:33:49 AM, Info: Validating assembly C:\Users\dsavage\Documents\Visual Studio 2008\Projects\FileOperations\FileOperations\bin\Debug\FileOperations.dll...
12/29/2017 11:33:49 AM, Info: Verifying assembly C:\Users\dsavage\Documents\Visual Studio 2008\Projects\FileOperations\FileOperations\bin\Debug\FileOperations.dll
12/29/2017 11:33:57 AM, Info: Saving project information...
12/29/2017 11:33:57 AM, Info: Saving project information...
12/29/2017 11:33:57 AM, Info: Saving project information...
12/29/2017 11:33:57 AM, Info: Saving project information...
12/29/2017 11:33:57 AM, Info: Saving project information...
12/29/2017 11:33:57 AM, Info: Saving project information...
12/29/2017 11:33:58 AM, Info: Validating assembly C:\Users\dsavage\Documents\Visual Studio 2008\Projects\FileOperations\FileOperations\bin\Debug\FileOperations.dll...
12/29/2017 11:33:58 AM, Info: Verifying assembly C:\Users\dsavage\Documents\Visual Studio 2008\Projects\FileOperations\FileOperations\bin\Debug\FileOperations.dll
12/29/2017 11:33:58 AM, Info: Creating Archive C:\Users\dsavage\Documents\Visual Studio 2008\Projects\FileOperations\FileOperations\bin\Debug\FileOperations.clz...
12/29/2017 11:33:59 AM, Info: Saving project information...
12/29/2017 11:40:12 AM, Info: Validating assembly C:\Users\dsavage\Documents\Visual Studio 2008\Projects\FileOperations\FileOperations\bin\Debug\FileOperations.dll...
12/29/2017 11:40:12 AM, Info: Verifying assembly C:\Users\dsavage\Documents\Visual Studio 2008\Projects\FileOperations\FileOperations\bin\Debug\FileOperations.dll
12/29/2017 11:40:12 AM, Info: Creating Archive C:\Users\dsavage\Documents\Visual Studio 2008\Projects\FileOperations\FileOperations\bin\Debug\FileOperations.clz...
12/29/2017 11:40:13 AM, Info: Saving project information...
12/29/2017 11:42:45 AM, Info: Validating assembly C:\Users\dsavage\Documents\Visual Studio 2008\Projects\FileOperations\FileOperations\bin\Debug\FileOperations.dll...
12/29/2017 11:42:45 AM, Info: Verifying assembly C:\Users\dsavage\Documents\Visual Studio 2008\Projects\FileOperations\FileOperations\bin\Debug\FileOperations.dll
12/29/2017 11:42:46 AM, Info: Creating Archive C:\Users\dsavage\Documents\Visual Studio 2008\Projects\FileOperations\FileOperations\bin\Debug\FileOperations.clz...
12/29/2017 11:42:47 AM, Info: Saving project information...
12/29/2017 11:58:35 AM, Info: Validating assembly C:\Users\dsavage\Documents\Visual Studio 2008\Projects\FileOperations\FileOperations\bin\Debug\FileOperations.dll...
12/29/2017 11:58:35 AM, Info: Verifying assembly C:\Users\dsavage\Documents\Visual Studio 2008\Projects\FileOperations\FileOperations\bin\Debug\FileOperations.dll
12/29/2017 11:58:35 AM, Info: Creating Archive C:\Users\dsavage\Documents\Visual Studio 2008\Projects\FileOperations\FileOperations\bin\Debug\FileOperations.clz...
12/29/2017 11:58:37 AM, Info: Saving project information...
12/29/2017 12:06:53 PM, Info: Validating assembly C:\Users\dsavage\Documents\Visual Studio 2008\Projects\FileOperations\FileOperations\bin\Debug\FileOperations.dll...
12/29/2017 12:06:54 PM, Info: Verifying assembly C:\Users\dsavage\Documents\Visual Studio 2008\Projects\FileOperations\FileOperations\bin\Debug\FileOperations.dll
12/29/2017 12:06:54 PM, Info: Creating Archive C:\Users\dsavage\Documents\Visual Studio 2008\Projects\FileOperations\FileOperations\bin\Debug\FileOperations.clz...
12/29/2017 12:06:57 PM, Info: Saving project information...
12/29/2017 12:09:20 PM, Info: Validating assembly C:\Users\dsavage\Documents\Visual Studio 2008\Projects\FileOperations\FileOperations\bin\Debug\FileOperations.dll...
12/29/2017 12:09:20 PM, Info: Verifying assembly C:\Users\dsavage\Documents\Visual Studio 2008\Projects\FileOperations\FileOperations\bin\Debug\FileOperations.dll
12/29/2017 12:09:21 PM, Info: Creating Archive C:\Users\dsavage\Documents\Visual Studio 2008\Projects\FileOperations\FileOperations\bin\Debug\FileOperations.clz...
12/29/2017 12:09:26 PM, Info: Saving project information...
12/29/2017 12:11:09 PM, Info: Validating assembly C:\Users\dsavage\Documents\Visual Studio 2008\Projects\FileOperations\FileOperations\bin\Debug\FileOperations.dll...
12/29/2017 12:11:09 PM, Info: Verifying assembly C:\Users\dsavage\Documents\Visual Studio 2008\Projects\FileOperations\FileOperations\bin\Debug\FileOperations.dll
12/29/2017 12:11:33 PM, Info: Saving project information...
12/29/2017 12:11:33 PM, Info: Saving project information...
12/29/2017 12:11:33 PM, Info: Saving project information...
12/29/2017 12:11:33 PM, Info: Saving project information...
12/29/2017 12:11:33 PM, Info: Saving project information...
12/29/2017 12:11:33 PM, Info: Saving project information...
12/29/2017 12:11:33 PM, Info: Validating assembly C:\Users\dsavage\Documents\Visual Studio 2008\Projects\FileOperations\FileOperations\bin\Debug\FileOperations.dll...
12/29/2017 12:11:33 PM, Info: Verifying assembly C:\Users\dsavage\Documents\Visual Studio 2008\Projects\FileOperations\FileOperations\bin\Debug\FileOperations.dll
12/29/2017 12:11:35 PM, Info: Creating Archive C:\Users\dsavage\Documents\Visual Studio 2008\Projects\FileOperations\FileOperations\bin\Debug\FileOperations.clz...
12/29/2017 12:11:40 PM, Info: Saving project information...
12/29/2017 12:17:17 PM, Info: Validating assembly C:\Users\dsavage\Documents\Visual Studio 2008\Projects\FileOperations\FileOperations\bin\Debug\FileOperations.dll...
12/29/2017 12:17:17 PM, Info: Verifying assembly C:\Users\dsavage\Documents\Visual Studio 2008\Projects\FileOperations\FileOperations\bin\Debug\FileOperations.dll
12/29/2017 12:17:19 PM, Info: Creating Archive C:\Users\dsavage\Documents\Visual Studio 2008\Projects\FileOperations\FileOperations\bin\Debug\FileOperations.clz...
12/29/2017 12:17:26 PM, Info: Saving project information...
12/29/2017 12:20:17 PM, Info: Validating assembly C:\Users\dsavage\Documents\Visual Studio 2008\Projects\FileOperations\FileOperations\bin\Debug\FileOperations.dll...
12/29/2017 12:20:17 PM, Info: Verifying assembly C:\Users\dsavage\Documents\Visual Studio 2008\Projects\FileOperations\FileOperations\bin\Debug\FileOperations.dll
12/29/2017 12:20:19 PM, Info: Creating Archive C:\Users\dsavage\Documents\Visual Studio 2008\Projects\FileOperations\FileOperations\bin\Debug\FileOperations.clz...
12/29/2017 12:20:28 PM, Info: Saving project information...
12/29/2017 12:21:00 PM, Info: Validating assembly C:\Users\dsavage\Documents\Visual Studio 2008\Projects\FileOperations\FileOperations\bin\Debug\FileOperations.dll...
12/29/2017 12:21:00 PM, Info: Verifying assembly C:\Users\dsavage\Documents\Visual Studio 2008\Projects\FileOperations\FileOperations\bin\Debug\FileOperations.dll
12/29/2017 12:21:02 PM, Info: Creating Archive C:\Users\dsavage\Documents\Visual Studio 2008\Projects\FileOperations\FileOperations\bin\Debug\FileOperations.clz...
12/29/2017 12:21:10 PM, Info: Saving project information...
12/29/2017 1:19:03 PM, Info: Validating assembly C:\Users\dsavage\Documents\Visual Studio 2008\Projects\FileOperations\FileOperations\bin\Debug\FileOperations.dll...
12/29/2017 1:19:03 PM, Info: Verifying assembly C:\Users\dsavage\Documents\Visual Studio 2008\Projects\FileOperations\FileOperations\bin\Debug\FileOperations.dll
12/29/2017 1:19:04 PM, Info: Creating Archive C:\Users\dsavage\Documents\Visual Studio 2008\Projects\FileOperations\FileOperations\bin\Debug\FileOperations.clz...
12/29/2017 1:19:13 PM, Info: Saving project information...
12/29/2017 3:15:14 PM, Info: Terminating SIMPLSharp Services
12/29/2017 3:15:14 PM, Info: Saving project information...
12/29/2017 3:15:14 PM, Info: Terminating SIMPLSharp Services
