1/2/2018 11:44:00 AM, Info: Initializing SIMPLSharp Services...
1/2/2018 11:44:01 AM, Info: ProjectInfo successfully initialized.
1/2/2018 11:56:03 AM, Info: Validating assembly C:\Users\dsavage\Documents\Visual Studio 2008\Projects\FileOperations\FileOperations\bin\Debug\FileOperations.dll...
1/2/2018 11:56:04 AM, Info: Verifying assembly C:\Users\dsavage\Documents\Visual Studio 2008\Projects\FileOperations\FileOperations\bin\Debug\FileOperations.dll
1/2/2018 11:56:04 AM, Info: Creating Archive C:\Users\dsavage\Documents\Visual Studio 2008\Projects\FileOperations\FileOperations\bin\Debug\FileOperations.clz...
1/2/2018 11:56:04 AM, Info: Saving project information...
1/2/2018 12:07:52 PM, Info: Validating assembly C:\Users\dsavage\Documents\Visual Studio 2008\Projects\FileOperations\FileOperations\bin\Debug\FileOperations.dll...
1/2/2018 12:07:52 PM, Info: Verifying assembly C:\Users\dsavage\Documents\Visual Studio 2008\Projects\FileOperations\FileOperations\bin\Debug\FileOperations.dll
1/2/2018 12:07:52 PM, Info: Creating Archive C:\Users\dsavage\Documents\Visual Studio 2008\Projects\FileOperations\FileOperations\bin\Debug\FileOperations.clz...
1/2/2018 12:07:53 PM, Info: Saving project information...
1/2/2018 12:11:20 PM, Info: Validating assembly C:\Users\dsavage\Documents\Visual Studio 2008\Projects\FileOperations\FileOperations\bin\Debug\FileOperations.dll...
1/2/2018 12:11:21 PM, Info: Verifying assembly C:\Users\dsavage\Documents\Visual Studio 2008\Projects\FileOperations\FileOperations\bin\Debug\FileOperations.dll
1/2/2018 12:11:21 PM, Info: Creating Archive C:\Users\dsavage\Documents\Visual Studio 2008\Projects\FileOperations\FileOperations\bin\Debug\FileOperations.clz...
1/2/2018 12:11:21 PM, Info: Saving project information...
1/2/2018 12:22:09 PM, Info: Validating assembly C:\Users\dsavage\Documents\Visual Studio 2008\Projects\FileOperations\FileOperations\bin\Debug\FileOperations.dll...
1/2/2018 12:22:09 PM, Info: Verifying assembly C:\Users\dsavage\Documents\Visual Studio 2008\Projects\FileOperations\FileOperations\bin\Debug\FileOperations.dll
1/2/2018 12:22:09 PM, Info: Creating Archive C:\Users\dsavage\Documents\Visual Studio 2008\Projects\FileOperations\FileOperations\bin\Debug\FileOperations.clz...
1/2/2018 12:22:10 PM, Info: Saving project information...
1/2/2018 12:30:43 PM, Info: Validating assembly C:\Users\dsavage\Documents\Visual Studio 2008\Projects\FileOperations\FileOperations\bin\Debug\FileOperations.dll...
1/2/2018 12:30:43 PM, Info: Verifying assembly C:\Users\dsavage\Documents\Visual Studio 2008\Projects\FileOperations\FileOperations\bin\Debug\FileOperations.dll
1/2/2018 12:30:43 PM, Info: Creating Archive C:\Users\dsavage\Documents\Visual Studio 2008\Projects\FileOperations\FileOperations\bin\Debug\FileOperations.clz...
1/2/2018 12:30:44 PM, Info: Saving project information...
1/2/2018 12:36:18 PM, Info: Validating assembly C:\Users\dsavage\Documents\Visual Studio 2008\Projects\FileOperations\FileOperations\bin\Debug\FileOperations.dll...
1/2/2018 12:36:19 PM, Info: Verifying assembly C:\Users\dsavage\Documents\Visual Studio 2008\Projects\FileOperations\FileOperations\bin\Debug\FileOperations.dll
1/2/2018 12:36:19 PM, Info: Creating Archive C:\Users\dsavage\Documents\Visual Studio 2008\Projects\FileOperations\FileOperations\bin\Debug\FileOperations.clz...
1/2/2018 12:36:19 PM, Info: Saving project information...
1/2/2018 12:46:43 PM, Info: Validating assembly C:\Users\dsavage\Documents\Visual Studio 2008\Projects\FileOperations\FileOperations\bin\Debug\FileOperations.dll...
1/2/2018 12:46:43 PM, Info: Verifying assembly C:\Users\dsavage\Documents\Visual Studio 2008\Projects\FileOperations\FileOperations\bin\Debug\FileOperations.dll
1/2/2018 12:46:43 PM, Info: Creating Archive C:\Users\dsavage\Documents\Visual Studio 2008\Projects\FileOperations\FileOperations\bin\Debug\FileOperations.clz...
1/2/2018 12:46:43 PM, Info: Saving project information...
1/2/2018 12:59:10 PM, Info: Validating assembly C:\Users\dsavage\Documents\Visual Studio 2008\Projects\FileOperations\FileOperations\bin\Debug\FileOperations.dll...
1/2/2018 12:59:10 PM, Info: Verifying assembly C:\Users\dsavage\Documents\Visual Studio 2008\Projects\FileOperations\FileOperations\bin\Debug\FileOperations.dll
1/2/2018 12:59:10 PM, Info: Creating Archive C:\Users\dsavage\Documents\Visual Studio 2008\Projects\FileOperations\FileOperations\bin\Debug\FileOperations.clz...
1/2/2018 12:59:11 PM, Info: Saving project information...
1/2/2018 1:03:00 PM, Info: Validating assembly C:\Users\dsavage\Documents\Visual Studio 2008\Projects\FileOperations\FileOperations\bin\Debug\FileOperations.dll...
1/2/2018 1:03:00 PM, Info: Verifying assembly C:\Users\dsavage\Documents\Visual Studio 2008\Projects\FileOperations\FileOperations\bin\Debug\FileOperations.dll
1/2/2018 1:03:00 PM, Info: Creating Archive C:\Users\dsavage\Documents\Visual Studio 2008\Projects\FileOperations\FileOperations\bin\Debug\FileOperations.clz...
1/2/2018 1:03:01 PM, Info: Saving project information...
1/2/2018 1:13:46 PM, Info: Validating assembly C:\Users\dsavage\Documents\Visual Studio 2008\Projects\FileOperations\FileOperations\bin\Debug\FileOperations.dll...
1/2/2018 1:13:46 PM, Info: Verifying assembly C:\Users\dsavage\Documents\Visual Studio 2008\Projects\FileOperations\FileOperations\bin\Debug\FileOperations.dll
1/2/2018 1:13:46 PM, Info: Creating Archive C:\Users\dsavage\Documents\Visual Studio 2008\Projects\FileOperations\FileOperations\bin\Debug\FileOperations.clz...
1/2/2018 1:13:47 PM, Info: Saving project information...
1/2/2018 1:21:54 PM, Info: Validating assembly C:\Users\dsavage\Documents\Visual Studio 2008\Projects\FileOperations\FileOperations\bin\Debug\FileOperations.dll...
1/2/2018 1:21:54 PM, Info: Verifying assembly C:\Users\dsavage\Documents\Visual Studio 2008\Projects\FileOperations\FileOperations\bin\Debug\FileOperations.dll
1/2/2018 1:21:54 PM, Info: Creating Archive C:\Users\dsavage\Documents\Visual Studio 2008\Projects\FileOperations\FileOperations\bin\Debug\FileOperations.clz...
1/2/2018 1:21:54 PM, Info: Saving project information...
1/2/2018 1:25:28 PM, Info: Validating assembly C:\Users\dsavage\Documents\Visual Studio 2008\Projects\FileOperations\FileOperations\bin\Debug\FileOperations.dll...
1/2/2018 1:25:28 PM, Info: Verifying assembly C:\Users\dsavage\Documents\Visual Studio 2008\Projects\FileOperations\FileOperations\bin\Debug\FileOperations.dll
1/2/2018 1:25:28 PM, Info: Creating Archive C:\Users\dsavage\Documents\Visual Studio 2008\Projects\FileOperations\FileOperations\bin\Debug\FileOperations.clz...
1/2/2018 1:25:29 PM, Info: Saving project information...
1/2/2018 1:28:00 PM, Info: Validating assembly C:\Users\dsavage\Documents\Visual Studio 2008\Projects\FileOperations\FileOperations\bin\Debug\FileOperations.dll...
1/2/2018 1:28:00 PM, Info: Verifying assembly C:\Users\dsavage\Documents\Visual Studio 2008\Projects\FileOperations\FileOperations\bin\Debug\FileOperations.dll
1/2/2018 1:28:00 PM, Info: Creating Archive C:\Users\dsavage\Documents\Visual Studio 2008\Projects\FileOperations\FileOperations\bin\Debug\FileOperations.clz...
1/2/2018 1:28:01 PM, Info: Saving project information...
1/2/2018 2:49:57 PM, Info: Validating assembly C:\Users\dsavage\Documents\Visual Studio 2008\Projects\FileOperations\FileOperations\bin\Debug\FileOperations.dll...
1/2/2018 2:49:57 PM, Info: Verifying assembly C:\Users\dsavage\Documents\Visual Studio 2008\Projects\FileOperations\FileOperations\bin\Debug\FileOperations.dll
1/2/2018 2:49:57 PM, Info: Creating Archive C:\Users\dsavage\Documents\Visual Studio 2008\Projects\FileOperations\FileOperations\bin\Debug\FileOperations.clz...
1/2/2018 2:49:57 PM, Info: Saving project information...
1/2/2018 2:51:12 PM, Info: Validating assembly C:\Users\dsavage\Documents\Visual Studio 2008\Projects\FileOperations\FileOperations\bin\Debug\FileOperations.dll...
1/2/2018 2:51:12 PM, Info: Verifying assembly C:\Users\dsavage\Documents\Visual Studio 2008\Projects\FileOperations\FileOperations\bin\Debug\FileOperations.dll
1/2/2018 2:51:12 PM, Info: Creating Archive C:\Users\dsavage\Documents\Visual Studio 2008\Projects\FileOperations\FileOperations\bin\Debug\FileOperations.clz...
1/2/2018 2:51:12 PM, Info: Saving project information...
1/2/2018 2:53:56 PM, Info: Validating assembly C:\Users\dsavage\Documents\Visual Studio 2008\Projects\FileOperations\FileOperations\bin\Debug\FileOperations.dll...
1/2/2018 2:53:56 PM, Info: Verifying assembly C:\Users\dsavage\Documents\Visual Studio 2008\Projects\FileOperations\FileOperations\bin\Debug\FileOperations.dll
1/2/2018 2:53:56 PM, Info: Creating Archive C:\Users\dsavage\Documents\Visual Studio 2008\Projects\FileOperations\FileOperations\bin\Debug\FileOperations.clz...
1/2/2018 2:53:56 PM, Info: Saving project information...
1/2/2018 3:01:14 PM, Info: Validating assembly C:\Users\dsavage\Documents\Visual Studio 2008\Projects\FileOperations\FileOperations\bin\Debug\FileOperations.dll...
1/2/2018 3:01:14 PM, Info: Verifying assembly C:\Users\dsavage\Documents\Visual Studio 2008\Projects\FileOperations\FileOperations\bin\Debug\FileOperations.dll
1/2/2018 3:01:14 PM, Info: Creating Archive C:\Users\dsavage\Documents\Visual Studio 2008\Projects\FileOperations\FileOperations\bin\Debug\FileOperations.clz...
1/2/2018 3:01:15 PM, Info: Saving project information...
1/2/2018 3:06:42 PM, Info: Validating assembly C:\Users\dsavage\Documents\Visual Studio 2008\Projects\FileOperations\FileOperations\bin\Debug\FileOperations.dll...
1/2/2018 3:06:43 PM, Info: Verifying assembly C:\Users\dsavage\Documents\Visual Studio 2008\Projects\FileOperations\FileOperations\bin\Debug\FileOperations.dll
1/2/2018 3:06:43 PM, Info: Creating Archive C:\Users\dsavage\Documents\Visual Studio 2008\Projects\FileOperations\FileOperations\bin\Debug\FileOperations.clz...
1/2/2018 3:06:43 PM, Info: Saving project information...
1/2/2018 3:17:33 PM, Info: Validating assembly C:\Users\dsavage\Documents\Visual Studio 2008\Projects\FileOperations\FileOperations\bin\Debug\FileOperations.dll...
1/2/2018 3:17:33 PM, Info: Verifying assembly C:\Users\dsavage\Documents\Visual Studio 2008\Projects\FileOperations\FileOperations\bin\Debug\FileOperations.dll
1/2/2018 3:17:33 PM, Info: Creating Archive C:\Users\dsavage\Documents\Visual Studio 2008\Projects\FileOperations\FileOperations\bin\Debug\FileOperations.clz...
1/2/2018 3:17:33 PM, Info: Saving project information...
1/2/2018 3:20:10 PM, Info: Validating assembly C:\Users\dsavage\Documents\Visual Studio 2008\Projects\FileOperations\FileOperations\bin\Debug\FileOperations.dll...
1/2/2018 3:20:11 PM, Info: Verifying assembly C:\Users\dsavage\Documents\Visual Studio 2008\Projects\FileOperations\FileOperations\bin\Debug\FileOperations.dll
1/2/2018 3:20:11 PM, Info: Creating Archive C:\Users\dsavage\Documents\Visual Studio 2008\Projects\FileOperations\FileOperations\bin\Debug\FileOperations.clz...
1/2/2018 3:20:11 PM, Info: Saving project information...
1/2/2018 3:23:07 PM, Info: Validating assembly C:\Users\dsavage\Documents\Visual Studio 2008\Projects\FileOperations\FileOperations\bin\Debug\FileOperations.dll...
1/2/2018 3:23:07 PM, Info: Verifying assembly C:\Users\dsavage\Documents\Visual Studio 2008\Projects\FileOperations\FileOperations\bin\Debug\FileOperations.dll
1/2/2018 3:23:07 PM, Info: Creating Archive C:\Users\dsavage\Documents\Visual Studio 2008\Projects\FileOperations\FileOperations\bin\Debug\FileOperations.clz...
1/2/2018 3:23:08 PM, Info: Saving project information...
1/2/2018 3:29:24 PM, Info: Validating assembly C:\Users\dsavage\Documents\Visual Studio 2008\Projects\FileOperations\FileOperations\bin\Debug\FileOperations.dll...
1/2/2018 3:29:24 PM, Info: Verifying assembly C:\Users\dsavage\Documents\Visual Studio 2008\Projects\FileOperations\FileOperations\bin\Debug\FileOperations.dll
1/2/2018 3:29:24 PM, Info: Creating Archive C:\Users\dsavage\Documents\Visual Studio 2008\Projects\FileOperations\FileOperations\bin\Debug\FileOperations.clz...
1/2/2018 3:29:24 PM, Info: Saving project information...
1/2/2018 3:31:04 PM, Info: Validating assembly C:\Users\dsavage\Documents\Visual Studio 2008\Projects\FileOperations\FileOperations\bin\Debug\FileOperations.dll...
1/2/2018 3:31:05 PM, Info: Verifying assembly C:\Users\dsavage\Documents\Visual Studio 2008\Projects\FileOperations\FileOperations\bin\Debug\FileOperations.dll
1/2/2018 3:31:05 PM, Info: Creating Archive C:\Users\dsavage\Documents\Visual Studio 2008\Projects\FileOperations\FileOperations\bin\Debug\FileOperations.clz...
1/2/2018 3:31:05 PM, Info: Saving project information...
1/2/2018 3:40:09 PM, Info: Validating assembly C:\Users\dsavage\Documents\Visual Studio 2008\Projects\FileOperations\FileOperations\bin\Debug\FileOperations.dll...
1/2/2018 3:40:09 PM, Info: Verifying assembly C:\Users\dsavage\Documents\Visual Studio 2008\Projects\FileOperations\FileOperations\bin\Debug\FileOperations.dll
1/2/2018 3:40:09 PM, Info: Creating Archive C:\Users\dsavage\Documents\Visual Studio 2008\Projects\FileOperations\FileOperations\bin\Debug\FileOperations.clz...
1/2/2018 3:40:09 PM, Info: Saving project information...
1/2/2018 3:43:22 PM, Info: Validating assembly C:\Users\dsavage\Documents\Visual Studio 2008\Projects\FileOperations\FileOperations\bin\Debug\FileOperations.dll...
1/2/2018 3:43:22 PM, Info: Verifying assembly C:\Users\dsavage\Documents\Visual Studio 2008\Projects\FileOperations\FileOperations\bin\Debug\FileOperations.dll
1/2/2018 3:43:22 PM, Info: Creating Archive C:\Users\dsavage\Documents\Visual Studio 2008\Projects\FileOperations\FileOperations\bin\Debug\FileOperations.clz...
1/2/2018 3:43:22 PM, Info: Saving project information...
1/2/2018 3:50:25 PM, Info: Validating assembly C:\Users\dsavage\Documents\Visual Studio 2008\Projects\FileOperations\FileOperations\bin\Debug\FileOperations.dll...
1/2/2018 3:50:25 PM, Info: Verifying assembly C:\Users\dsavage\Documents\Visual Studio 2008\Projects\FileOperations\FileOperations\bin\Debug\FileOperations.dll
1/2/2018 3:50:25 PM, Info: Creating Archive C:\Users\dsavage\Documents\Visual Studio 2008\Projects\FileOperations\FileOperations\bin\Debug\FileOperations.clz...
1/2/2018 3:50:25 PM, Info: Saving project information...
1/2/2018 3:52:18 PM, Info: Validating assembly C:\Users\dsavage\Documents\Visual Studio 2008\Projects\FileOperations\FileOperations\bin\Debug\FileOperations.dll...
1/2/2018 3:52:18 PM, Info: Verifying assembly C:\Users\dsavage\Documents\Visual Studio 2008\Projects\FileOperations\FileOperations\bin\Debug\FileOperations.dll
1/2/2018 3:52:18 PM, Info: Creating Archive C:\Users\dsavage\Documents\Visual Studio 2008\Projects\FileOperations\FileOperations\bin\Debug\FileOperations.clz...
1/2/2018 3:52:18 PM, Info: Saving project information...
1/2/2018 3:54:56 PM, Info: Validating assembly C:\Users\dsavage\Documents\Visual Studio 2008\Projects\FileOperations\FileOperations\bin\Debug\FileOperations.dll...
1/2/2018 3:54:57 PM, Info: Verifying assembly C:\Users\dsavage\Documents\Visual Studio 2008\Projects\FileOperations\FileOperations\bin\Debug\FileOperations.dll
1/2/2018 3:54:57 PM, Info: Creating Archive C:\Users\dsavage\Documents\Visual Studio 2008\Projects\FileOperations\FileOperations\bin\Debug\FileOperations.clz...
1/2/2018 3:54:57 PM, Info: Saving project information...
1/2/2018 3:58:32 PM, Info: Validating assembly C:\Users\dsavage\Documents\Visual Studio 2008\Projects\FileOperations\FileOperations\bin\Debug\FileOperations.dll...
1/2/2018 3:58:33 PM, Info: Verifying assembly C:\Users\dsavage\Documents\Visual Studio 2008\Projects\FileOperations\FileOperations\bin\Debug\FileOperations.dll
1/2/2018 3:58:33 PM, Info: Creating Archive C:\Users\dsavage\Documents\Visual Studio 2008\Projects\FileOperations\FileOperations\bin\Debug\FileOperations.clz...
1/2/2018 3:58:33 PM, Info: Saving project information...
1/2/2018 4:04:03 PM, Info: Validating assembly C:\Users\dsavage\Documents\Visual Studio 2008\Projects\FileOperations\FileOperations\bin\Debug\FileOperations.dll...
1/2/2018 4:04:03 PM, Info: Verifying assembly C:\Users\dsavage\Documents\Visual Studio 2008\Projects\FileOperations\FileOperations\bin\Debug\FileOperations.dll
1/2/2018 4:04:03 PM, Info: Creating Archive C:\Users\dsavage\Documents\Visual Studio 2008\Projects\FileOperations\FileOperations\bin\Debug\FileOperations.clz...
1/2/2018 4:04:03 PM, Info: Saving project information...
1/2/2018 4:26:26 PM, Info: Validating assembly C:\Users\dsavage\Documents\Visual Studio 2008\Projects\FileOperations\FileOperations\bin\Debug\FileOperations.dll...
1/2/2018 4:26:26 PM, Info: Verifying assembly C:\Users\dsavage\Documents\Visual Studio 2008\Projects\FileOperations\FileOperations\bin\Debug\FileOperations.dll
1/2/2018 4:26:26 PM, Info: Creating Archive C:\Users\dsavage\Documents\Visual Studio 2008\Projects\FileOperations\FileOperations\bin\Debug\FileOperations.clz...
1/2/2018 4:26:27 PM, Info: Saving project information...
1/2/2018 4:31:35 PM, Info: Validating assembly C:\Users\dsavage\Documents\Visual Studio 2008\Projects\FileOperations\FileOperations\bin\Debug\FileOperations.dll...
1/2/2018 4:31:35 PM, Info: Verifying assembly C:\Users\dsavage\Documents\Visual Studio 2008\Projects\FileOperations\FileOperations\bin\Debug\FileOperations.dll
1/2/2018 4:31:36 PM, Info: Creating Archive C:\Users\dsavage\Documents\Visual Studio 2008\Projects\FileOperations\FileOperations\bin\Debug\FileOperations.clz...
1/2/2018 4:31:36 PM, Info: Saving project information...
1/2/2018 4:37:18 PM, Info: Validating assembly C:\Users\dsavage\Documents\Visual Studio 2008\Projects\FileOperations\FileOperations\bin\Debug\FileOperations.dll...
1/2/2018 4:37:18 PM, Info: Verifying assembly C:\Users\dsavage\Documents\Visual Studio 2008\Projects\FileOperations\FileOperations\bin\Debug\FileOperations.dll
1/2/2018 4:37:19 PM, Info: Creating Archive C:\Users\dsavage\Documents\Visual Studio 2008\Projects\FileOperations\FileOperations\bin\Debug\FileOperations.clz...
1/2/2018 4:37:19 PM, Info: Saving project information...
1/2/2018 5:02:05 PM, Info: Validating assembly C:\Users\dsavage\Documents\Visual Studio 2008\Projects\FileOperations\FileOperations\bin\Debug\FileOperations.dll...
1/2/2018 5:02:06 PM, Info: Verifying assembly C:\Users\dsavage\Documents\Visual Studio 2008\Projects\FileOperations\FileOperations\bin\Debug\FileOperations.dll
1/2/2018 5:02:06 PM, Info: Creating Archive C:\Users\dsavage\Documents\Visual Studio 2008\Projects\FileOperations\FileOperations\bin\Debug\FileOperations.clz...
1/2/2018 5:02:06 PM, Info: Saving project information...
1/2/2018 5:02:32 PM, Info: Validating assembly C:\Users\dsavage\Documents\Visual Studio 2008\Projects\FileOperations\FileOperations\bin\Debug\FileOperations.dll...
1/2/2018 5:02:32 PM, Info: Verifying assembly C:\Users\dsavage\Documents\Visual Studio 2008\Projects\FileOperations\FileOperations\bin\Debug\FileOperations.dll
1/2/2018 5:02:32 PM, Info: Creating Archive C:\Users\dsavage\Documents\Visual Studio 2008\Projects\FileOperations\FileOperations\bin\Debug\FileOperations.clz...
1/2/2018 5:02:32 PM, Info: Saving project information...
1/2/2018 5:05:11 PM, Info: Terminating SIMPLSharp Services
