1/2/2018 10:12:56 AM, Info: Initializing SIMPLSharp Services...
1/2/2018 10:12:56 AM, Info: ProjectInfo successfully initialized.
1/2/2018 10:27:02 AM, Info: Validating assembly C:\Users\dsavage\Documents\Visual Studio 2008\Projects\FileOperations\FileOperations\bin\Debug\FileOperations.dll...
1/2/2018 10:27:03 AM, Info: Verifying assembly C:\Users\dsavage\Documents\Visual Studio 2008\Projects\FileOperations\FileOperations\bin\Debug\FileOperations.dll
1/2/2018 10:27:07 AM, Info: Creating Archive C:\Users\dsavage\Documents\Visual Studio 2008\Projects\FileOperations\FileOperations\bin\Debug\FileOperations.clz...
1/2/2018 10:27:24 AM, Info: Saving project information...
1/2/2018 10:31:21 AM, Info: Validating assembly C:\Users\dsavage\Documents\Visual Studio 2008\Projects\FileOperations\FileOperations\bin\Debug\FileOperations.dll...
1/2/2018 10:31:21 AM, Info: Verifying assembly C:\Users\dsavage\Documents\Visual Studio 2008\Projects\FileOperations\FileOperations\bin\Debug\FileOperations.dll
1/2/2018 10:31:27 AM, Info: Creating Archive C:\Users\dsavage\Documents\Visual Studio 2008\Projects\FileOperations\FileOperations\bin\Debug\FileOperations.clz...
1/2/2018 10:31:53 AM, Info: Saving project information...
1/2/2018 10:57:32 AM, Info: Saving project information...
1/2/2018 10:57:32 AM, Info: Saving project information...
1/2/2018 10:57:32 AM, Info: Saving project information...
1/2/2018 11:01:21 AM, Info: Saving project information...
1/2/2018 11:01:21 AM, Info: Saving project information...
1/2/2018 11:01:21 AM, Info: Saving project information...
1/2/2018 11:01:21 AM, Info: Saving project information...
1/2/2018 11:01:21 AM, Info: Saving project information...
1/2/2018 11:01:21 AM, Info: Saving project information...
1/2/2018 11:07:12 AM, Info: Validating assembly C:\Users\dsavage\Documents\Visual Studio 2008\Projects\FileOperations\FileOperations\bin\Debug\FileOperations.dll...
1/2/2018 11:07:12 AM, Info: Verifying assembly C:\Users\dsavage\Documents\Visual Studio 2008\Projects\FileOperations\FileOperations\bin\Debug\FileOperations.dll
1/2/2018 11:07:32 AM, Info: Saving project information...
1/2/2018 11:07:32 AM, Info: Saving project information...
1/2/2018 11:07:32 AM, Info: Saving project information...
1/2/2018 11:08:36 AM, Info: Saving project information...
1/2/2018 11:08:36 AM, Info: Saving project information...
1/2/2018 11:08:36 AM, Info: Saving project information...
1/2/2018 11:08:36 AM, Info: Saving project information...
1/2/2018 11:08:36 AM, Info: Saving project information...
1/2/2018 11:08:36 AM, Info: Saving project information...
1/2/2018 11:08:37 AM, Info: Validating assembly C:\Users\dsavage\Documents\Visual Studio 2008\Projects\FileOperations\FileOperations\bin\Debug\FileOperations.dll...
1/2/2018 11:08:37 AM, Info: Verifying assembly C:\Users\dsavage\Documents\Visual Studio 2008\Projects\FileOperations\FileOperations\bin\Debug\FileOperations.dll
1/2/2018 11:08:42 AM, Info: Creating Archive C:\Users\dsavage\Documents\Visual Studio 2008\Projects\FileOperations\FileOperations\bin\Debug\FileOperations.clz...
1/2/2018 11:09:11 AM, Info: Saving project information...
1/2/2018 11:40:10 AM, Info: Validating assembly C:\Users\dsavage\Documents\Visual Studio 2008\Projects\FileOperations\FileOperations\bin\Debug\FileOperations.dll...
1/2/2018 11:40:10 AM, Info: Verifying assembly C:\Users\dsavage\Documents\Visual Studio 2008\Projects\FileOperations\FileOperations\bin\Debug\FileOperations.dll
1/2/2018 11:40:20 AM, Info: Creating Archive C:\Users\dsavage\Documents\Visual Studio 2008\Projects\FileOperations\FileOperations\bin\Debug\FileOperations.clz...
1/2/2018 11:41:08 AM, Info: Saving project information...
1/2/2018 11:43:54 AM, Info: Terminating SIMPLSharp Services
